<?xml version="1.0" encoding="UTF-8"?>
<!-- Generated by org.testng.reporters.JUnitReportReporter -->
<testsuite skipped="0" hostname="DELL" name="veris_sandbox.OrganizationTesting" tests="6" failures="0" timestamp="12 Feb 2019 07:00:05 GMT" time="81.181" errors="0">
  <testcase name="emptyImage" time="10.999" classname="veris_sandbox.OrganizationTesting"/>
  <testcase name="emptyDescription" time="10.982" classname="veris_sandbox.OrganizationTesting"/>
  <testcase name="ValidLogin" time="18.239" classname="veris_sandbox.OrganizationTesting"/>
  <testcase name="correctCredentials" time="9.327" classname="veris_sandbox.OrganizationTesting"/>
  <testcase name="LogOutButton" time="22.594" classname="veris_sandbox.OrganizationTesting"/>
  <testcase name="emptyOrganization" time="9.040" classname="veris_sandbox.OrganizationTesting"/>
</testsuite> <!-- veris_sandbox.OrganizationTesting -->
