<?xml version="1.0" encoding="UTF-8"?>
<!-- Generated by org.testng.reporters.JUnitReportReporter -->
<testsuite skipped="0" hostname="DELL" name="veris_sandbox.LoginTest" tests="5" failures="0" timestamp="12 Feb 2019 06:55:02 GMT" time="47.897" errors="0">
  <testcase name="emptyPassword" time="5.951" classname="veris_sandbox.LoginTest"/>
  <testcase name="emptyEmail" time="7.888" classname="veris_sandbox.LoginTest"/>
  <testcase name="invalidCredentials" time="4.114" classname="veris_sandbox.LoginTest"/>
  <testcase name="forgotPassword" time="17.051" classname="veris_sandbox.LoginTest"/>
  <testcase name="CorrectLogin" time="12.893" classname="veris_sandbox.LoginTest"/>
</testsuite> <!-- veris_sandbox.LoginTest -->
