<?xml version="1.0" encoding="UTF-8"?>
<!-- Generated by org.testng.reporters.JUnitReportReporter -->
<testsuite skipped="0" hostname="DELL" name="veris_sandbox.OrganizationTesting" tests="6" failures="0" timestamp="11 Feb 2019 20:00:10 GMT" time="97.910" errors="0">
  <testcase name="ValidLogin" time="17.157" classname="veris_sandbox.OrganizationTesting"/>
  <testcase name="emptyOrganization" time="9.249" classname="veris_sandbox.OrganizationTesting"/>
  <testcase name="emptyDescription" time="10.700" classname="veris_sandbox.OrganizationTesting"/>
  <testcase name="correctCredentials" time="24.501" classname="veris_sandbox.OrganizationTesting"/>
  <testcase name="LogOutButton" time="25.463" classname="veris_sandbox.OrganizationTesting"/>
  <testcase name="emptyImage" time="10.840" classname="veris_sandbox.OrganizationTesting"/>
</testsuite> <!-- veris_sandbox.OrganizationTesting -->
