<?xml version="1.0" encoding="UTF-8"?>
<!-- Generated by org.testng.reporters.JUnitReportReporter -->
<testsuite skipped="0" hostname="DELL" name="veris_sandbox.RegisterTest" tests="6" failures="0" timestamp="11 Feb 2019 18:39:31 GMT" time="43.123" errors="0">
  <testcase name="EmptyEmail" time="3.829" classname="veris_sandbox.RegisterTest"/>
  <testcase name="IncorrectEmail" time="2.939" classname="veris_sandbox.RegisterTest"/>
  <testcase name="Syntaticallyincorrect" time="2.903" classname="veris_sandbox.RegisterTest"/>
  <testcase name="Termsnotaccepted" time="5.895" classname="veris_sandbox.RegisterTest"/>
  <testcase name="Alreadyhaveaccount" time="12.419" classname="veris_sandbox.RegisterTest"/>
  <testcase name="SuccessfullyRegistered" time="15.138" classname="veris_sandbox.RegisterTest"/>
</testsuite> <!-- veris_sandbox.RegisterTest -->
