<?xml version="1.0" encoding="UTF-8"?>
<!-- Generated by org.testng.reporters.JUnitReportReporter -->
<testsuite skipped="0" hostname="DELL" name="veris_sandbox.RegisterTesting" tests="1" failures="0" timestamp="11 Feb 2019 18:37:07 GMT" time="3.975" errors="0">
  <testcase name="EmptyEmail" time="3.975" classname="veris_sandbox.RegisterTesting"/>
</testsuite> <!-- veris_sandbox.RegisterTesting -->
