<?xml version="1.0" encoding="UTF-8"?>
<!-- Generated by org.testng.reporters.JUnitReportReporter -->
<testsuite skipped="0" hostname="DELL" name="veris_sandbox.LoginTesting" tests="1" failures="0" timestamp="11 Feb 2019 17:47:50 GMT" time="6.062" errors="0">
  <testcase name="emptyEmail" time="6.062" classname="veris_sandbox.LoginTesting"/>
</testsuite> <!-- veris_sandbox.LoginTesting -->
