<?xml version="1.0" encoding="UTF-8"?>
<!-- Generated by org.testng.reporters.JUnitReportReporter -->
<testsuite skipped="0" hostname="DELL" name="veris_sandbox.Logout" tests="2" failures="0" timestamp="12 Feb 2019 05:47:46 GMT" time="23.552" errors="0">
  <testcase name="Logout" time="7.250" classname="veris_sandbox.Logout"/>
  <testcase name="Login" time="16.302" classname="veris_sandbox.Logout"/>
</testsuite> <!-- veris_sandbox.Logout -->
