<?xml version="1.0" encoding="UTF-8"?>
<!-- Generated by org.testng.reporters.JUnitReportReporter -->
<testsuite skipped="0" hostname="DELL" name="veris_sandbox.AddingBulkMembers" tests="3" failures="0" timestamp="12 Feb 2019 13:48:24 GMT" time="42.532" errors="0">
  <testcase name="Login" time="24.771" classname="veris_sandbox.AddingBulkMembers"/>
  <testcase name="OpeningMemberBook" time="9.941" classname="veris_sandbox.AddingBulkMembers"/>
  <testcase name="addBulkMembers" time="7.820" classname="veris_sandbox.AddingBulkMembers"/>
</testsuite> <!-- veris_sandbox.AddingBulkMembers -->
