<?xml version="1.0" encoding="UTF-8"?>
<!-- Generated by org.testng.reporters.JUnitReportReporter -->
<testsuite skipped="0" hostname="DELL" name="veris_sandbox.Logout" tests="2" failures="0" timestamp="11 Feb 2019 20:32:28 GMT" time="39.094" errors="0">
  <testcase name="Logout" time="14.635" classname="veris_sandbox.Logout"/>
  <testcase name="Login" time="24.459" classname="veris_sandbox.Logout"/>
</testsuite> <!-- veris_sandbox.Logout -->
