<?xml version="1.0" encoding="UTF-8"?>
<!-- Generated by org.testng.reporters.JUnitReportReporter -->
<testsuite skipped="0" hostname="DELL" name="Basics.FluentWaitTest" tests="1" failures="0" timestamp="14 Feb 2019 08:10:30 GMT" time="6.942" errors="0">
  <testcase name="Test" time="6.942" classname="Basics.FluentWaitTest"/>
</testsuite> <!-- Basics.FluentWaitTest -->
