<?xml version="1.0" encoding="UTF-8"?>
<!-- Generated by org.testng.reporters.JUnitReportReporter -->
<testsuite skipped="0" hostname="DELL" name="veris_sandbox.LoginTest" tests="5" failures="0" timestamp="11 Feb 2019 18:40:58 GMT" time="44.924" errors="0">
  <testcase name="emptyPassword" time="3.977" classname="veris_sandbox.LoginTest"/>
  <testcase name="emptyEmail" time="6.050" classname="veris_sandbox.LoginTest"/>
  <testcase name="invalidCredentials" time="4.252" classname="veris_sandbox.LoginTest"/>
  <testcase name="forgotPassword" time="16.250" classname="veris_sandbox.LoginTest"/>
  <testcase name="ValidLogin" time="14.395" classname="veris_sandbox.LoginTest"/>
</testsuite> <!-- veris_sandbox.LoginTest -->
