<?xml version="1.0" encoding="UTF-8"?>
<!-- Generated by org.testng.reporters.JUnitReportReporter -->
<testsuite skipped="0" hostname="DELL" name="GmailTesting.Test" tests="1" failures="0" timestamp="13 Feb 2019 10:25:39 GMT" time="7.268" errors="0">
  <testcase name="SignUp" time="7.268" classname="GmailTesting.Test"/>
</testsuite> <!-- GmailTesting.Test -->
